 * Task [Fix a problem of project resources linked to items] : Nothing to do
 * Task [UpgradeTacokitMetadataMigrationTask] : Nothing to do
 * Task [AutoUpdateRelationsMigrationTask] : Nothing to do
 ---=== End of migration ===---
 * Task [Fix a problem of project resources linked to items] : Nothing to do
 * Task [UpgradeTacokitMetadataMigrationTask] : Nothing to do
 * Task [AutoUpdateRelationsMigrationTask] : Nothing to do
 ---=== End of migration ===---
 * Task [Fix a problem of project resources linked to items] : Nothing to do
 * Task [UpgradeTacokitMetadataMigrationTask] : Nothing to do
 * Task [AutoUpdateRelationsMigrationTask] : Nothing to do
 ---=== End of migration ===---
 * Task [Fix a problem of project resources linked to items] : Nothing to do
 * Task [UpgradeTacokitMetadataMigrationTask] : Nothing to do
 * Task [AutoUpdateRelationsMigrationTask] : Nothing to do
 ---=== End of migration ===---
 * Task [Fix a problem of project resources linked to items] : Applied successfully
 * Task [UpgradeTacokitMetadataMigrationTask] : Nothing to do
 * Task [AutoUpdateRelationsMigrationTask] : Applied successfully
 ---=== End of migration ===---
